-------------------------------------------------------------------------------
Test set: com.Portfolio.PortfolioApplicationTests
-------------------------------------------------------------------------------
Tests run: 1, Failures: 0, Errors: 1, Skipped: 0, Time elapsed: 2.943 s <<< FAILURE! - in com.Portfolio.PortfolioApplicationTests
contextLoads  Time elapsed: 0.008 s  <<< ERROR!
java.lang.IllegalStateException: Failed to load ApplicationContext for [WebMergedContextConfiguration@7ed49a7f testClass = com.Portfolio.PortfolioApplicationTests, locations = [], classes = [com.Portfolio.PortfolioApplication], contextInitializerClasses = [], activeProfiles = [], propertySourceLocations = [], propertySourceProperties = ["org.springframework.boot.test.context.SpringBootTestContextBootstrapper=true"], contextCustomizers = [org.springframework.boot.test.context.filter.ExcludeFilterContextCustomizer@740cae06, org.springframework.boot.test.json.DuplicateJsonObjectContextCustomizerFactory$DuplicateJsonObjectContextCustomizer@1ed4ae0f, org.springframework.boot.test.mock.mockito.MockitoContextCustomizer@0, org.springframework.boot.test.web.client.TestRestTemplateContextCustomizer@27406a17, org.springframework.boot.test.autoconfigure.actuate.observability.ObservabilityContextCustomizerFactory$DisableObservabilityContextCustomizer@9da1, org.springframework.boot.test.autoconfigure.properties.PropertyMappingContextCustomizer@0, org.springframework.boot.test.autoconfigure.web.servlet.WebDriverContextCustomizerFactory$Customizer@1349883, org.springframework.boot.test.context.SpringBootTestAnnotation@f9c4672b], resourceBasePath = "src/main/webapp", contextLoader = org.springframework.boot.test.context.SpringBootContextLoader, parent = null]
Caused by: org.springframework.beans.factory.BeanCreationException: Error creating bean with name 'dataSourceScriptDatabaseInitializer' defined in class path resource [org/springframework/boot/autoconfigure/sql/init/DataSourceInitializationConfiguration.class]: Failed to execute SQL script statement #1 of file [C:\Workspace Argentina Programa\SpringBoot\portfolio-BackEnd\target\classes\data.sql]: INSERT INTO portfolio.role (ROLE_NAME) VALUES ('ROLE_USER')
Caused by: org.springframework.jdbc.datasource.init.ScriptStatementFailedException: Failed to execute SQL script statement #1 of file [C:\Workspace Argentina Programa\SpringBoot\portfolio-BackEnd\target\classes\data.sql]: INSERT INTO portfolio.role (ROLE_NAME) VALUES ('ROLE_USER')
Caused by: java.sql.SQLIntegrityConstraintViolationException: Duplicate entry 'ROLE_USER' for key 'role.UK_epk9im9l9q67xmwi4hbed25do'

